<?xml version="1.0" encoding="UTF-8"?>
<!-- Generated by org.testng.reporters.JUnitXMLReporter -->
<testsuite ignored="12" hostname="DESKTOP-QAMDQO9" failures="0" tests="1" name="Default test" time="25.344" errors="0" timestamp="2023-01-03T11:52:57 EST">
  <testcase classname="testPages.HomepageTest" name="use_of_selected_in_check_box" time="14.632"/>
  <testcase classname="testPages.HomepageTest" name="clickPersonalInsurance" time="0.0">
    <ignored/>
  </testcase> <!-- clickPersonalInsurance -->
  <testcase classname="testPages.HomepageTest" name="use_of_clear_method" time="0.0">
    <ignored/>
  </testcase> <!-- use_of_clear_method -->
  <testcase classname="testPages.HomepageTest" name="click_retrieve_a_new_quote" time="0.0">
    <ignored/>
  </testcase> <!-- click_retrieve_a_new_quote -->
  <testcase classname="testPages.HomepageTest" name="clickLogInButton01Test" time="0.0">
    <ignored/>
  </testcase> <!-- clickLogInButton01Test -->
  <testcase classname="testPages.HomepageTest" name="use_of_get_attribute_method" time="0.0">
    <ignored/>
  </testcase> <!-- use_of_get_attribute_method -->
  <testcase classname="testPages.HomepageTest" name="logotest" time="0.0">
    <ignored/>
  </testcase> <!-- logotest -->
  <testcase classname="testPages.HomepageTest" name="clickWatchVideo" time="0.0">
    <ignored/>
  </testcase> <!-- clickWatchVideo -->
  <testcase classname="testPages.HomepageTest" name="logo_test_by_Css_Selector" time="0.0">
    <ignored/>
  </testcase> <!-- logo_test_by_Css_Selector -->
  <testcase classname="testPages.HomepageTest" name="use_of_get_text" time="0.0">
    <ignored/>
  </testcase> <!-- use_of_get_text -->
  <testcase classname="testPages.HomepageTest" name="login_button_is_enable_by_Css_Selector" time="0.0">
    <ignored/>
  </testcase> <!-- login_button_is_enable_by_Css_Selector -->
  <testcase classname="testPages.HomepageTest" name="use_of_get_current_url_method" time="0.0">
    <ignored/>
  </testcase> <!-- use_of_get_current_url_method -->
  <testcase classname="testPages.HomepageTest" name="use_of_title" time="0.0">
    <ignored/>
  </testcase> <!-- use_of_title -->
</testsuite> <!-- Default test -->
