<?xml version="1.0" encoding="UTF-8"?>
<testng-results ignored="14" total="15" passed="1" failed="0" skipped="0">
  <reporter-output>
  </reporter-output>
  <suite started-at="2023-01-21T20:02:22 EST" name="Default suite" finished-at="2023-01-21T20:02:41 EST" duration-ms="18820">
    <groups>
    </groups>
    <test started-at="2023-01-21T20:02:22 EST" name="Default test" finished-at="2023-01-21T20:02:41 EST" duration-ms="18820">
      <class name="testPages.HomepageTest">
        <test-method is-config="true" signature="setUp()[pri:0, instance:testPages.HomepageTest@60bd273d]" started-at="2023-01-21T20:02:22 EST" name="setUp" finished-at="2023-01-21T20:02:34 EST" duration-ms="12263" status="PASS">
          <reporter-output>
          </reporter-output>
        </test-method> <!-- setUp -->
        <test-method signature="clickLogInButton01Test()[pri:1, instance:testPages.HomepageTest@60bd273d]" started-at="2023-01-21T20:02:34 EST" name="clickLogInButton01Test" finished-at="2023-01-21T20:02:41 EST" duration-ms="6047" status="PASS">
          <reporter-output>
          </reporter-output>
        </test-method> <!-- clickLogInButton01Test -->
        <test-method is-config="true" signature="tearUp()[pri:0, instance:testPages.HomepageTest@60bd273d]" started-at="2023-01-21T20:02:41 EST" name="tearUp" finished-at="2023-01-21T20:02:41 EST" duration-ms="430" status="PASS">
          <reporter-output>
          </reporter-output>
        </test-method> <!-- tearUp -->
      </class> <!-- testPages.HomepageTest -->
    </test> <!-- Default test -->
  </suite> <!-- Default suite -->
</testng-results>
