<?xml version="1.0" encoding="UTF-8"?>
<testng-results ignored="12" total="13" passed="1" failed="0" skipped="0">
  <reporter-output>
  </reporter-output>
  <suite started-at="2023-01-03T11:52:32 EST" name="Default suite" finished-at="2023-01-03T11:52:57 EST" duration-ms="25344">
    <groups>
    </groups>
    <test started-at="2023-01-03T11:52:32 EST" name="Default test" finished-at="2023-01-03T11:52:57 EST" duration-ms="25344">
      <class name="testPages.HomepageTest">
        <test-method is-config="true" signature="setUp()[pri:0, instance:testPages.HomepageTest@201a4587]" started-at="2023-01-03T11:52:32 EST" name="setUp" finished-at="2023-01-03T11:52:42 EST" duration-ms="10284" status="PASS">
          <reporter-output>
          </reporter-output>
        </test-method> <!-- setUp -->
        <test-method signature="use_of_selected_in_check_box()[pri:8, instance:testPages.HomepageTest@201a4587]" started-at="2023-01-03T11:52:42 EST" name="use_of_selected_in_check_box" finished-at="2023-01-03T11:52:57 EST" duration-ms="14632" status="PASS">
          <reporter-output>
          </reporter-output>
        </test-method> <!-- use_of_selected_in_check_box -->
        <test-method is-config="true" signature="tearUp()[pri:0, instance:testPages.HomepageTest@201a4587]" started-at="2023-01-03T11:52:57 EST" name="tearUp" finished-at="2023-01-03T11:52:57 EST" duration-ms="345" status="PASS">
          <reporter-output>
          </reporter-output>
        </test-method> <!-- tearUp -->
      </class> <!-- testPages.HomepageTest -->
    </test> <!-- Default test -->
  </suite> <!-- Default suite -->
</testng-results>
